c:\users\keala\repo\appliedproject\kealanssynthesizer\builds\visualstudio2017\x64\debug\shared code\pluginprocessor.obj
c:\users\keala\repo\appliedproject\kealanssynthesizer\builds\visualstudio2017\x64\debug\shared code\include_juce_audio_devices.obj
c:\users\keala\repo\appliedproject\kealanssynthesizer\builds\visualstudio2017\x64\debug\shared code\plugineditor.obj
c:\users\keala\repo\appliedproject\kealanssynthesizer\builds\visualstudio2017\x64\debug\shared code\include_juce_dsp.obj
c:\users\keala\repo\appliedproject\kealanssynthesizer\builds\visualstudio2017\x64\debug\shared code\include_juce_audio_plugin_client_utils.obj
c:\users\keala\repo\appliedproject\kealanssynthesizer\builds\visualstudio2017\x64\debug\shared code\include_juce_audio_formats.obj
c:\users\keala\repo\appliedproject\kealanssynthesizer\builds\visualstudio2017\x64\debug\shared code\include_juce_audio_utils.obj
c:\users\keala\repo\appliedproject\kealanssynthesizer\builds\visualstudio2017\x64\debug\shared code\include_juce_audio_processors.obj
c:\users\keala\repo\appliedproject\kealanssynthesizer\builds\visualstudio2017\x64\debug\shared code\include_juce_core.obj
c:\users\keala\repo\appliedproject\kealanssynthesizer\builds\visualstudio2017\x64\debug\shared code\include_juce_events.obj
c:\users\keala\repo\appliedproject\kealanssynthesizer\builds\visualstudio2017\x64\debug\shared code\include_juce_gui_extra.obj
c:\users\keala\repo\appliedproject\kealanssynthesizer\builds\visualstudio2017\x64\debug\shared code\include_juce_data_structures.obj
c:\users\keala\repo\appliedproject\kealanssynthesizer\builds\visualstudio2017\x64\debug\shared code\include_juce_graphics.obj
c:\users\keala\repo\appliedproject\kealanssynthesizer\builds\visualstudio2017\x64\debug\shared code\include_juce_audio_basics.obj
c:\users\keala\repo\appliedproject\kealanssynthesizer\builds\visualstudio2017\x64\debug\shared code\synthvoice.obj
c:\users\keala\repo\appliedproject\kealanssynthesizer\builds\visualstudio2017\x64\debug\shared code\kealanssynthesizer.pdb
c:\users\keala\repo\appliedproject\kealanssynthesizer\builds\visualstudio2017\x64\debug\shared code\include_juce_gui_basics.obj
c:\users\keala\repo\appliedproject\kealanssynthesizer\builds\visualstudio2017\x64\debug\shared code\kealanssynthesizer.lib
c:\users\keala\repo\appliedproject\kealanssynthesizer\builds\visualstudio2017\x64\debug\shared code\kealanss.19437d44.tlog\cl.command.1.tlog
c:\users\keala\repo\appliedproject\kealanssynthesizer\builds\visualstudio2017\x64\debug\shared code\kealanss.19437d44.tlog\cl.read.1.tlog
c:\users\keala\repo\appliedproject\kealanssynthesizer\builds\visualstudio2017\x64\debug\shared code\kealanss.19437d44.tlog\cl.write.1.tlog
c:\users\keala\repo\appliedproject\kealanssynthesizer\builds\visualstudio2017\x64\debug\shared code\kealanss.19437d44.tlog\lib-link.read.1.tlog
c:\users\keala\repo\appliedproject\kealanssynthesizer\builds\visualstudio2017\x64\debug\shared code\kealanss.19437d44.tlog\lib-link.write.1.tlog
c:\users\keala\repo\appliedproject\kealanssynthesizer\builds\visualstudio2017\x64\debug\shared code\kealanss.19437d44.tlog\lib.command.1.tlog
